<?xml version="1.0" encoding="UTF-8"?>
<!-- Generated by org.testng.reporters.JUnitXMLReporter -->
<testsuite ignored="2" hostname="OCNSY-23" failures="1" tests="12" name="HomeTest" time="2.369" errors="0" timestamp="2025-03-17T19:18:45 IST">
  <testcase classname="tests.TestHomepage" name="aTest" time="0.013"/>
  <testcase classname="tests.TestHomepage" name="bTest" time="0.002"/>
  <testcase classname="tests.TestHomepage" name="cTest" time="0.004"/>
  <testcase classname="tests.TestHomepage" name="kTest" time="0.003"/>
  <testcase classname="tests.TestHomepage" name="sTest" time="0.003"/>
  <testcase classname="tests.TestHomepage" name="testHomePage" time="2.119"/>
  <testcase classname="tests.TestContactPage" name="aTest" time="0.006"/>
  <testcase classname="tests.TestContactPage" name="bTest" time="0.005"/>
  <testcase classname="tests.TestContactPage" name="cTest" time="0.008"/>
  <testcase classname="tests.TestContactPage" name="kTest" time="0.006"/>
  <testcase classname="tests.TestContactPage" name="sTest" time="0.007"/>
  <testcase classname="tests.TestContactPage" name="testContactPage" time="0.085">
    <failure type="java.lang.NullPointerException" message="Cannot invoke &amp;quot;org.openqa.selenium.WebDriver.get(String)&amp;quot; because &amp;quot;this.driver&amp;quot; is null">
      <![CDATA[java.lang.NullPointerException: Cannot invoke "org.openqa.selenium.WebDriver.get(String)" because "this.driver" is null
at tests.TestContactPage.testContactPage(TestContactPage.java:24)
at java.base/java.util.concurrent.FutureTask.run(FutureTask.java:317)
at java.base/java.util.concurrent.ThreadPoolExecutor.runWorker(ThreadPoolExecutor.java:1144)
at java.base/java.util.concurrent.ThreadPoolExecutor$Worker.run(ThreadPoolExecutor.java:642)
at java.base/java.lang.Thread.run(Thread.java:1575)
... Removed 6 stack frames]]>
    </failure>
  </testcase> <!-- testContactPage -->
  <testcase classname="base.BaseTest" name="@BeforeSuite setup" time="0.0">
    <ignored/>
  </testcase> <!-- @BeforeSuite setup -->
  <testcase classname="base.BaseTest" name="@AfterSuite tearDown" time="0.0">
    <ignored/>
  </testcase> <!-- @AfterSuite tearDown -->
</testsuite> <!-- HomeTest -->
