<?xml version="1.0" encoding="UTF-8"?>
<testng-results ignored="0" total="12" passed="10" failed="2" skipped="0">
  <reporter-output>
  </reporter-output>
  <suite started-at="2025-03-19T19:17:25 IST" name="Suite" finished-at="2025-03-19T19:17:32 IST" duration-ms="7695">
    <groups>
      <group name="regression">
        <method signature="TestHomepage.bTest()[pri:0, instance:tests.TestHomepage@45c7e403]" name="bTest" class="tests.TestHomepage"/>
        <method signature="TestContactPage.sTest()[pri:0, instance:tests.TestContactPage@445b295b]" name="sTest" class="tests.TestContactPage"/>
      </group> <!-- regression -->
      <group name="sanity">
        <method signature="TestHomepage.aTest()[pri:0, instance:tests.TestHomepage@45c7e403]" name="aTest" class="tests.TestHomepage"/>
        <method signature="TestHomepage.bTest()[pri:0, instance:tests.TestHomepage@45c7e403]" name="bTest" class="tests.TestHomepage"/>
        <method signature="TestContactPage.bTest()[pri:0, instance:tests.TestContactPage@445b295b]" name="bTest" class="tests.TestContactPage"/>
        <method signature="TestContactPage.testContactPage()[pri:0, instance:tests.TestContactPage@445b295b]" name="testContactPage" class="tests.TestContactPage"/>
      </group> <!-- sanity -->
      <group name="adhoc">
        <method signature="TestHomepage.kTest()[pri:0, instance:tests.TestHomepage@45c7e403]" name="kTest" class="tests.TestHomepage"/>
      </group> <!-- adhoc -->
    </groups>
    <test started-at="2025-03-19T19:17:25 IST" name="HomeTest" finished-at="2025-03-19T19:17:29 IST" duration-ms="4291">
      <class name="tests.TestHomepage">
        <test-method is-config="true" signature="setup()[pri:0, instance:tests.TestHomepage@45c7e403]" started-at="2025-03-19T19:17:25 IST" name="setup" finished-at="2025-03-19T19:17:25 IST" duration-ms="80" status="PASS">
          <reporter-output>
          </reporter-output>
        </test-method> <!-- setup -->
        <test-method signature="aTest()[pri:0, instance:tests.TestHomepage@45c7e403]" started-at="2025-03-19T19:17:25 IST" name="aTest" finished-at="2025-03-19T19:17:25 IST" duration-ms="13" status="FAIL">
          <exception class="java.lang.NullPointerException">
            <message>
              <![CDATA[Cannot invoke "org.openqa.selenium.SearchContext.findElement(org.openqa.selenium.By)" because "this.searchContext" is null]]>
            </message>
            <full-stacktrace>
              <![CDATA[java.lang.NullPointerException: Cannot invoke "org.openqa.selenium.SearchContext.findElement(org.openqa.selenium.By)" because "this.searchContext" is null
at org.openqa.selenium.support.pagefactory.DefaultElementLocator.findElement(DefaultElementLocator.java:68)
at org.openqa.selenium.support.pagefactory.internal.LocatingElementHandler.invoke(LocatingElementHandler.java:38)
at jdk.proxy2/jdk.proxy2.$Proxy11.isDisplayed(Unknown Source)
at tests.TestHomepage.aTest(TestHomepage.java:42)
at java.base/jdk.internal.reflect.DirectMethodHandleAccessor.invoke(DirectMethodHandleAccessor.java:103)
at java.base/java.lang.reflect.Method.invoke(Method.java:580)
at org.testng.internal.invokers.MethodInvocationHelper.invokeMethod(MethodInvocationHelper.java:141)
at org.testng.internal.invokers.TestInvoker.invokeMethod(TestInvoker.java:686)
at org.testng.internal.invokers.TestInvoker.invokeTestMethod(TestInvoker.java:230)
at org.testng.internal.invokers.MethodRunner.runInSequence(MethodRunner.java:63)
at org.testng.internal.invokers.TestInvoker$MethodInvocationAgent.invoke(TestInvoker.java:992)
at org.testng.internal.invokers.TestInvoker.invokeTestMethods(TestInvoker.java:203)
at org.testng.internal.invokers.TestMethodWorker.invokeTestMethods(TestMethodWorker.java:154)
at org.testng.internal.invokers.TestMethodWorker.run(TestMethodWorker.java:134)
at java.base/java.util.ArrayList.forEach(ArrayList.java:1597)
at org.testng.TestRunner.privateRun(TestRunner.java:739)
at org.testng.TestRunner.run(TestRunner.java:614)
at org.testng.SuiteRunner.runTest(SuiteRunner.java:421)
at org.testng.SuiteRunner$SuiteWorker.run(SuiteRunner.java:463)
at org.testng.internal.thread.ThreadUtil.lambda$execute$0(ThreadUtil.java:64)
at java.base/java.util.concurrent.FutureTask.run(FutureTask.java:317)
at java.base/java.util.concurrent.ThreadPoolExecutor.runWorker(ThreadPoolExecutor.java:1144)
at java.base/java.util.concurrent.ThreadPoolExecutor$Worker.run(ThreadPoolExecutor.java:642)
at java.base/java.lang.Thread.run(Thread.java:1575)
]]>
            </full-stacktrace>
          </exception> <!-- java.lang.NullPointerException -->
          <reporter-output>
          </reporter-output>
        </test-method> <!-- aTest -->
        <test-method signature="bTest()[pri:0, instance:tests.TestHomepage@45c7e403]" started-at="2025-03-19T19:17:25 IST" name="bTest" finished-at="2025-03-19T19:17:25 IST" duration-ms="2" status="PASS">
          <reporter-output>
          </reporter-output>
        </test-method> <!-- bTest -->
        <test-method signature="cTest()[pri:0, instance:tests.TestHomepage@45c7e403]" started-at="2025-03-19T19:17:25 IST" name="cTest" finished-at="2025-03-19T19:17:25 IST" duration-ms="24" status="PASS">
          <reporter-output>
          </reporter-output>
        </test-method> <!-- cTest -->
        <test-method signature="kTest()[pri:0, instance:tests.TestHomepage@45c7e403]" started-at="2025-03-19T19:17:25 IST" name="kTest" finished-at="2025-03-19T19:17:25 IST" duration-ms="6" status="PASS">
          <reporter-output>
          </reporter-output>
        </test-method> <!-- kTest -->
        <test-method signature="sTest()[pri:0, instance:tests.TestHomepage@45c7e403]" started-at="2025-03-19T19:17:25 IST" name="sTest" finished-at="2025-03-19T19:17:25 IST" duration-ms="6" status="PASS">
          <reporter-output>
          </reporter-output>
        </test-method> <!-- sTest -->
        <test-method signature="testHomePage()[pri:0, instance:tests.TestHomepage@45c7e403]" started-at="2025-03-19T19:17:25 IST" name="testHomePage" finished-at="2025-03-19T19:17:25 IST" duration-ms="10" status="FAIL">
          <exception class="java.lang.NullPointerException">
            <message>
              <![CDATA[Cannot invoke "org.openqa.selenium.WebDriver.get(String)" because "this.driver" is null]]>
            </message>
            <full-stacktrace>
              <![CDATA[java.lang.NullPointerException: Cannot invoke "org.openqa.selenium.WebDriver.get(String)" because "this.driver" is null
at tests.TestHomepage.testHomePage(TestHomepage.java:31)
at java.base/jdk.internal.reflect.DirectMethodHandleAccessor.invoke(DirectMethodHandleAccessor.java:103)
at java.base/java.lang.reflect.Method.invoke(Method.java:580)
at org.testng.internal.invokers.MethodInvocationHelper.invokeMethod(MethodInvocationHelper.java:141)
at org.testng.internal.invokers.TestInvoker.invokeMethod(TestInvoker.java:686)
at org.testng.internal.invokers.TestInvoker.invokeTestMethod(TestInvoker.java:230)
at org.testng.internal.invokers.MethodRunner.runInSequence(MethodRunner.java:63)
at org.testng.internal.invokers.TestInvoker$MethodInvocationAgent.invoke(TestInvoker.java:992)
at org.testng.internal.invokers.TestInvoker.invokeTestMethods(TestInvoker.java:203)
at org.testng.internal.invokers.TestMethodWorker.invokeTestMethods(TestMethodWorker.java:154)
at org.testng.internal.invokers.TestMethodWorker.run(TestMethodWorker.java:134)
at java.base/java.util.ArrayList.forEach(ArrayList.java:1597)
at org.testng.TestRunner.privateRun(TestRunner.java:739)
at org.testng.TestRunner.run(TestRunner.java:614)
at org.testng.SuiteRunner.runTest(SuiteRunner.java:421)
at org.testng.SuiteRunner$SuiteWorker.run(SuiteRunner.java:463)
at org.testng.internal.thread.ThreadUtil.lambda$execute$0(ThreadUtil.java:64)
at java.base/java.util.concurrent.FutureTask.run(FutureTask.java:317)
at java.base/java.util.concurrent.ThreadPoolExecutor.runWorker(ThreadPoolExecutor.java:1144)
at java.base/java.util.concurrent.ThreadPoolExecutor$Worker.run(ThreadPoolExecutor.java:642)
at java.base/java.lang.Thread.run(Thread.java:1575)
]]>
            </full-stacktrace>
          </exception> <!-- java.lang.NullPointerException -->
          <reporter-output>
          </reporter-output>
        </test-method> <!-- testHomePage -->
        <test-method is-config="true" signature="tearDown()[pri:0, instance:tests.TestHomepage@45c7e403]" started-at="2025-03-19T19:17:25 IST" name="tearDown" finished-at="2025-03-19T19:17:29 IST" duration-ms="4018" status="PASS">
          <reporter-output>
          </reporter-output>
        </test-method> <!-- tearDown -->
      </class> <!-- tests.TestHomepage -->
    </test> <!-- HomeTest -->
    <test started-at="2025-03-19T19:17:25 IST" name="ContactTest" finished-at="2025-03-19T19:17:32 IST" duration-ms="7691">
      <class name="tests.TestContactPage">
        <test-method is-config="true" signature="setup()[pri:0, instance:tests.TestContactPage@445b295b]" started-at="2025-03-19T19:17:25 IST" name="setup" finished-at="2025-03-19T19:17:27 IST" duration-ms="2129" status="PASS">
          <reporter-output>
          </reporter-output>
        </test-method> <!-- setup -->
        <test-method signature="aTest()[pri:0, instance:tests.TestContactPage@445b295b]" started-at="2025-03-19T19:17:27 IST" name="aTest" finished-at="2025-03-19T19:17:27 IST" duration-ms="2" status="PASS">
          <reporter-output>
          </reporter-output>
        </test-method> <!-- aTest -->
        <test-method signature="bTest()[pri:0, instance:tests.TestContactPage@445b295b]" started-at="2025-03-19T19:17:27 IST" name="bTest" finished-at="2025-03-19T19:17:27 IST" duration-ms="2" status="PASS">
          <reporter-output>
          </reporter-output>
        </test-method> <!-- bTest -->
        <test-method signature="cTest()[pri:0, instance:tests.TestContactPage@445b295b]" started-at="2025-03-19T19:17:27 IST" name="cTest" finished-at="2025-03-19T19:17:27 IST" duration-ms="8" status="PASS">
          <reporter-output>
          </reporter-output>
        </test-method> <!-- cTest -->
        <test-method signature="kTest()[pri:0, instance:tests.TestContactPage@445b295b]" started-at="2025-03-19T19:17:27 IST" name="kTest" finished-at="2025-03-19T19:17:27 IST" duration-ms="2" status="PASS">
          <reporter-output>
          </reporter-output>
        </test-method> <!-- kTest -->
        <test-method signature="sTest()[pri:0, instance:tests.TestContactPage@445b295b]" started-at="2025-03-19T19:17:27 IST" name="sTest" finished-at="2025-03-19T19:17:27 IST" duration-ms="1" status="PASS">
          <reporter-output>
          </reporter-output>
        </test-method> <!-- sTest -->
        <test-method signature="testContactPage()[pri:0, instance:tests.TestContactPage@445b295b]" started-at="2025-03-19T19:17:27 IST" name="testContactPage" finished-at="2025-03-19T19:17:28 IST" duration-ms="1304" status="PASS">
          <reporter-output>
          </reporter-output>
        </test-method> <!-- testContactPage -->
        <test-method is-config="true" signature="tearDown()[pri:0, instance:tests.TestContactPage@445b295b]" started-at="2025-03-19T19:17:28 IST" name="tearDown" finished-at="2025-03-19T19:17:32 IST" duration-ms="4185" status="PASS">
          <reporter-output>
          </reporter-output>
        </test-method> <!-- tearDown -->
      </class> <!-- tests.TestContactPage -->
    </test> <!-- ContactTest -->
  </suite> <!-- Suite -->
</testng-results>
